<?xml version="1.0" encoding="UTF-8"?>
<testng-results ignored="0" total="5" passed="5" failed="0" skipped="0">
  <reporter-output>
    <line>
      <![CDATA[Allu]]>
    </line>
    <line>
      <![CDATA[vicky]]>
    </line>
    <line>
      <![CDATA[mahesh]]>
    </line>
    <line>
      <![CDATA[Yash]]>
    </line>
    <line>
      <![CDATA[puneeth]]>
    </line>
  </reporter-output>
  <suite started-at="2024-07-27T20:12:07 IST" name="Suite" finished-at="2024-07-27T20:12:23 IST" duration-ms="16415">
    <groups>
      <group name="Bollywood">
        <method signature="VickyKaushal.executeScript()[pri:0, instance:com.groupExecutionClasses.VickyKaushal@20140db9]" name="executeScript" class="com.groupExecutionClasses.VickyKaushal"/>
      </group> <!-- Bollywood -->
      <group name="PanIndia">
        <method signature="AlluArjun.executeScript()[pri:0, instance:com.groupExecutionClasses.AlluArjun@5824a83d]" name="executeScript" class="com.groupExecutionClasses.AlluArjun"/>
        <method signature="Yash.executeScript()[pri:0, instance:com.groupExecutionClasses.Yash@368247b9]" name="executeScript" class="com.groupExecutionClasses.Yash"/>
      </group> <!-- PanIndia -->
      <group name="KannadFilmIndustry">
        <method signature="Puneeth.executeScript()[pri:0, instance:com.groupExecutionClasses.Puneeth@1a6d8329]" name="executeScript" class="com.groupExecutionClasses.Puneeth"/>
        <method signature="Yash.executeScript()[pri:0, instance:com.groupExecutionClasses.Yash@368247b9]" name="executeScript" class="com.groupExecutionClasses.Yash"/>
      </group> <!-- KannadFilmIndustry -->
      <group name="TamilFilmIndustry">
        <method signature="AlluArjun.executeScript()[pri:0, instance:com.groupExecutionClasses.AlluArjun@5824a83d]" name="executeScript" class="com.groupExecutionClasses.AlluArjun"/>
        <method signature="MaheshBabu.executeScript()[pri:0, instance:com.groupExecutionClasses.MaheshBabu@1e6a3214]" name="executeScript" class="com.groupExecutionClasses.MaheshBabu"/>
      </group> <!-- TamilFilmIndustry -->
    </groups>
    <test started-at="2024-07-27T20:12:07 IST" name="Test" finished-at="2024-07-27T20:12:23 IST" duration-ms="16415">
      <class name="com.groupExecutionClasses.Puneeth">
        <test-method signature="executeScript()[pri:0, instance:com.groupExecutionClasses.Puneeth@1a6d8329]" started-at="2024-07-27T20:12:21 IST" name="executeScript" finished-at="2024-07-27T20:12:23 IST" duration-ms="2385" status="PASS">
          <reporter-output>
            <line>
              <![CDATA[puneeth]]>
            </line>
          </reporter-output>
        </test-method> <!-- executeScript -->
      </class> <!-- com.groupExecutionClasses.Puneeth -->
      <class name="com.groupExecutionClasses.Yash">
        <test-method signature="executeScript()[pri:0, instance:com.groupExecutionClasses.Yash@368247b9]" started-at="2024-07-27T20:12:18 IST" name="executeScript" finished-at="2024-07-27T20:12:21 IST" duration-ms="2599" status="PASS">
          <reporter-output>
            <line>
              <![CDATA[Yash]]>
            </line>
          </reporter-output>
        </test-method> <!-- executeScript -->
      </class> <!-- com.groupExecutionClasses.Yash -->
      <class name="com.groupExecutionClasses.MaheshBabu">
        <test-method signature="executeScript()[pri:0, instance:com.groupExecutionClasses.MaheshBabu@1e6a3214]" started-at="2024-07-27T20:12:15 IST" name="executeScript" finished-at="2024-07-27T20:12:18 IST" duration-ms="3377" status="PASS">
          <reporter-output>
            <line>
              <![CDATA[mahesh]]>
            </line>
          </reporter-output>
        </test-method> <!-- executeScript -->
      </class> <!-- com.groupExecutionClasses.MaheshBabu -->
      <class name="com.groupExecutionClasses.AlluArjun">
        <test-method signature="executeScript()[pri:0, instance:com.groupExecutionClasses.AlluArjun@5824a83d]" started-at="2024-07-27T20:12:07 IST" name="executeScript" finished-at="2024-07-27T20:12:12 IST" duration-ms="5458" status="PASS">
          <reporter-output>
            <line>
              <![CDATA[Allu]]>
            </line>
          </reporter-output>
        </test-method> <!-- executeScript -->
      </class> <!-- com.groupExecutionClasses.AlluArjun -->
      <class name="com.groupExecutionClasses.VickyKaushal">
        <test-method signature="executeScript()[pri:0, instance:com.groupExecutionClasses.VickyKaushal@20140db9]" started-at="2024-07-27T20:12:12 IST" name="executeScript" finished-at="2024-07-27T20:12:15 IST" duration-ms="2544" status="PASS">
          <reporter-output>
            <line>
              <![CDATA[vicky]]>
            </line>
          </reporter-output>
        </test-method> <!-- executeScript -->
      </class> <!-- com.groupExecutionClasses.VickyKaushal -->
    </test> <!-- Test -->
  </suite> <!-- Suite -->
</testng-results>
