<?xml version="1.0" encoding="UTF-8"?>
<!-- Generated by org.testng.reporters.JUnitXMLReporter -->
<testsuite ignored="0" hostname="LAPTOP-48ORBJJK" failures="0" tests="5" name="Test" time="16.415" errors="0" timestamp="2024-07-27T20:12:23 IST">
  <testcase classname="com.groupExecutionClasses.AlluArjun" name="executeScript" time="5.458"/>
  <testcase classname="com.groupExecutionClasses.VickyKaushal" name="executeScript" time="2.544"/>
  <testcase classname="com.groupExecutionClasses.MaheshBabu" name="executeScript" time="3.377"/>
  <testcase classname="com.groupExecutionClasses.Yash" name="executeScript" time="2.599"/>
  <testcase classname="com.groupExecutionClasses.Puneeth" name="executeScript" time="2.385"/>
</testsuite> <!-- Test -->
